{
  "RSpec": {
    "coverage": {
      "/Users/rob/Drive/makers/proper/week4/bookmark_manager/app/app.rb": [
        1,
        1,
        null,
        1,
        1,
        null,
        1,
        0,
        null,
        null,
        1,
        1,
        1,
        null,
        null,
        1,
        1,
        1,
        1,
        null,
        null,
        1,
        1,
        null,
        null,
        null,
        1,
        null
      ],
      "/Users/rob/Drive/makers/proper/week4/bookmark_manager/app/models/link.rb": [
        1,
        1,
        null,
        1,
        1,
        null,
        1,
        1,
        1,
        null,
        null,
        1,
        1,
        1
      ],
      "/Users/rob/Drive/makers/proper/week4/bookmark_manager/spec/features/creating_links_spec.rb": [
        1,
        1,
        1,
        1,
        1,
        1,
        1,
        1,
        null,
        null
      ],
      "/Users/rob/Drive/makers/proper/week4/bookmark_manager/spec/features/viewing_links_spec.rb": [
        1,
        1,
        null,
        1,
        1,
        null,
        1,
        1,
        1,
        null,
        null,
        null
      ]
    },
    "timestamp": 1485266793
  }
}
